<?xml version="1.0" encoding="UTF-8"?>
<!-- Generated by org.testng.reporters.JUnitXMLReporter -->
<testsuite hostname="DESKTOP-P049EEP" ignored="0" tests="5" failures="0" timestamp="2023-03-10T10:19:32 IST" time="1.676" errors="0">
  <testcase name="a" time="1.089" classname="Reports_Runner"/>
  <testcase name="b" time="0.007" classname="Reports_Runner"/>
  <testcase name="c" time="0.011" classname="Reports_Runner"/>
  <testcase name="d" time="0.005" classname="Reports_Runner"/>
  <testcase name="e" time="0.484" classname="Reports_Runner"/>
</testsuite>
