<?xml version="1.0" encoding="UTF-8"?>
<testng-results skipped="0" failed="0" ignored="0" total="5" passed="5">
  <reporter-output>
  </reporter-output>
  <suite name="Default suite" duration-ms="1676" started-at="2023-03-10T10:19:30 IST" finished-at="2023-03-10T10:19:32 IST">
    <groups>
    </groups>
    <test name="Default test" duration-ms="1676" started-at="2023-03-10T10:19:30 IST" finished-at="2023-03-10T10:19:32 IST">
      <class name="Reports_Runner">
        <test-method status="PASS" signature="a()[pri:0, instance:Reports_Runner@2bbf4b8b]" name="a" duration-ms="1089" started-at="2023-03-10T10:19:30 IST" finished-at="2023-03-10T10:19:31 IST">
          <reporter-output>
          </reporter-output>
        </test-method> <!-- a -->
        <test-method status="PASS" signature="b()[pri:0, instance:Reports_Runner@2bbf4b8b]" name="b" duration-ms="7" started-at="2023-03-10T10:19:31 IST" finished-at="2023-03-10T10:19:31 IST">
          <reporter-output>
          </reporter-output>
        </test-method> <!-- b -->
        <test-method status="PASS" signature="c()[pri:0, instance:Reports_Runner@2bbf4b8b]" name="c" duration-ms="11" started-at="2023-03-10T10:19:31 IST" finished-at="2023-03-10T10:19:31 IST">
          <reporter-output>
          </reporter-output>
        </test-method> <!-- c -->
        <test-method status="PASS" signature="d()[pri:0, instance:Reports_Runner@2bbf4b8b]" name="d" duration-ms="5" started-at="2023-03-10T10:19:31 IST" finished-at="2023-03-10T10:19:31 IST">
          <reporter-output>
          </reporter-output>
        </test-method> <!-- d -->
        <test-method status="PASS" signature="e()[pri:0, instance:Reports_Runner@2bbf4b8b]" name="e" duration-ms="484" started-at="2023-03-10T10:19:31 IST" finished-at="2023-03-10T10:19:32 IST">
          <reporter-output>
          </reporter-output>
        </test-method> <!-- e -->
      </class> <!-- Reports_Runner -->
    </test> <!-- Default test -->
  </suite> <!-- Default suite -->
</testng-results>
